find_header: checking for sqlite3.h... -------------------- yes

"gcc-4.2 -o conftest -I/Users/sergiobustamante/.rvm/rubies/ruby-2.1.1/include/ruby-2.1.0/x86_64-darwin13.0 -I/Users/sergiobustamante/.rvm/rubies/ruby-2.1.1/include/ruby-2.1.0/ruby/backward -I/Users/sergiobustamante/.rvm/rubies/ruby-2.1.1/include/ruby-2.1.0 -I.  -I/opt/local/include -D_XOPEN_SOURCE -D_DARWIN_C_SOURCE -D_DARWIN_UNLIMITED_SELECT -D_REENTRANT    -O3 -fno-fast-math -ggdb3 -Wall -Wextra -Wno-unused-parameter -Wno-parentheses -Wno-long-long -Wno-missing-field-initializers -Wunused-variable -Wpointer-arith -Wwrite-strings -Wdeclaration-after-statement -Wshorten-64-to-32 -Wimplicit-function-declaration -Wextra-tokens  -fno-common -pipe conftest.c  -L. -L/Users/sergiobustamante/.rvm/rubies/ruby-2.1.1/lib -L/opt/local/lib -L. -fstack-protector -L/opt/local/lib      -lruby.2.1.0  -lpthread -ldl -lobjc "
checked program was:
/* begin */
1: #include "ruby.h"
2: 
3: int main(int argc, char **argv)
4: {
5:   return 0;
6: }
/* end */

"gcc-4.2 -E -I/Users/sergiobustamante/.rvm/rubies/ruby-2.1.1/include/ruby-2.1.0/x86_64-darwin13.0 -I/Users/sergiobustamante/.rvm/rubies/ruby-2.1.1/include/ruby-2.1.0/ruby/backward -I/Users/sergiobustamante/.rvm/rubies/ruby-2.1.1/include/ruby-2.1.0 -I.  -I/opt/local/include -D_XOPEN_SOURCE -D_DARWIN_C_SOURCE -D_DARWIN_UNLIMITED_SELECT -D_REENTRANT    -O3 -fno-fast-math -ggdb3 -Wall -Wextra -Wno-unused-parameter -Wno-parentheses -Wno-long-long -Wno-missing-field-initializers -Wunused-variable -Wpointer-arith -Wwrite-strings -Wdeclaration-after-statement -Wshorten-64-to-32 -Wimplicit-function-declaration -Wextra-tokens  -fno-common -pipe  conftest.c -o conftest.i"
checked program was:
/* begin */
1: #include "ruby.h"
2: 
3: #include <sqlite3.h>
/* end */

--------------------

find_library: checking for sqlite3_libversion_number() in -lsqlite3... -------------------- yes

"gcc-4.2 -o conftest -I/Users/sergiobustamante/.rvm/rubies/ruby-2.1.1/include/ruby-2.1.0/x86_64-darwin13.0 -I/Users/sergiobustamante/.rvm/rubies/ruby-2.1.1/include/ruby-2.1.0/ruby/backward -I/Users/sergiobustamante/.rvm/rubies/ruby-2.1.1/include/ruby-2.1.0 -I.  -I/opt/local/include -D_XOPEN_SOURCE -D_DARWIN_C_SOURCE -D_DARWIN_UNLIMITED_SELECT -D_REENTRANT    -O3 -fno-fast-math -ggdb3 -Wall -Wextra -Wno-unused-parameter -Wno-parentheses -Wno-long-long -Wno-missing-field-initializers -Wunused-variable -Wpointer-arith -Wwrite-strings -Wdeclaration-after-statement -Wshorten-64-to-32 -Wimplicit-function-declaration -Wextra-tokens  -fno-common -pipe conftest.c  -L. -L/Users/sergiobustamante/.rvm/rubies/ruby-2.1.1/lib -L/opt/local/lib -L. -fstack-protector -L/opt/local/lib      -lruby.2.1.0 -lsqlite3  -lpthread -ldl -lobjc "
conftest.c: In function ‘t’:
conftest.c:13: error: ‘sqlite3_libversion_number’ undeclared (first use in this function)
conftest.c:13: error: (Each undeclared identifier is reported only once
conftest.c:13: error: for each function it appears in.)
checked program was:
/* begin */
 1: #include "ruby.h"
 2: 
 3: /*top*/
 4: extern int t(void);
 5: int main(int argc, char **argv)
 6: {
 7:   if (argc > 1000000) {
 8:     printf("%p", &t);
 9:   }
10: 
11:   return 0;
12: }
13: int t(void) { void ((*volatile p)()); p = (void ((*)()))sqlite3_libversion_number; return 0; }
/* end */

"gcc-4.2 -o conftest -I/Users/sergiobustamante/.rvm/rubies/ruby-2.1.1/include/ruby-2.1.0/x86_64-darwin13.0 -I/Users/sergiobustamante/.rvm/rubies/ruby-2.1.1/include/ruby-2.1.0/ruby/backward -I/Users/sergiobustamante/.rvm/rubies/ruby-2.1.1/include/ruby-2.1.0 -I.  -I/opt/local/include -D_XOPEN_SOURCE -D_DARWIN_C_SOURCE -D_DARWIN_UNLIMITED_SELECT -D_REENTRANT    -O3 -fno-fast-math -ggdb3 -Wall -Wextra -Wno-unused-parameter -Wno-parentheses -Wno-long-long -Wno-missing-field-initializers -Wunused-variable -Wpointer-arith -Wwrite-strings -Wdeclaration-after-statement -Wshorten-64-to-32 -Wimplicit-function-declaration -Wextra-tokens  -fno-common -pipe conftest.c  -L. -L/Users/sergiobustamante/.rvm/rubies/ruby-2.1.1/lib -L/opt/local/lib -L. -fstack-protector -L/opt/local/lib      -lruby.2.1.0 -lsqlite3  -lpthread -ldl -lobjc "
conftest.c: In function ‘t’:
conftest.c:13: warning: implicit declaration of function ‘sqlite3_libversion_number’
checked program was:
/* begin */
 1: #include "ruby.h"
 2: 
 3: /*top*/
 4: extern int t(void);
 5: int main(int argc, char **argv)
 6: {
 7:   if (argc > 1000000) {
 8:     printf("%p", &t);
 9:   }
10: 
11:   return 0;
12: }
13: int t(void) { sqlite3_libversion_number(); return 0; }
/* end */

--------------------

have_func: checking for rb_proc_arity()... -------------------- yes

"gcc-4.2 -o conftest -I/Users/sergiobustamante/.rvm/rubies/ruby-2.1.1/include/ruby-2.1.0/x86_64-darwin13.0 -I/Users/sergiobustamante/.rvm/rubies/ruby-2.1.1/include/ruby-2.1.0/ruby/backward -I/Users/sergiobustamante/.rvm/rubies/ruby-2.1.1/include/ruby-2.1.0 -I.  -I/opt/local/include -D_XOPEN_SOURCE -D_DARWIN_C_SOURCE -D_DARWIN_UNLIMITED_SELECT -D_REENTRANT    -O3 -fno-fast-math -ggdb3 -Wall -Wextra -Wno-unused-parameter -Wno-parentheses -Wno-long-long -Wno-missing-field-initializers -Wunused-variable -Wpointer-arith -Wwrite-strings -Wdeclaration-after-statement -Wshorten-64-to-32 -Wimplicit-function-declaration -Wextra-tokens  -fno-common -pipe conftest.c  -L. -L/Users/sergiobustamante/.rvm/rubies/ruby-2.1.1/lib -L/opt/local/lib -L. -fstack-protector -L/opt/local/lib     -lsqlite3  -lruby.2.1.0 -lsqlite3  -lpthread -ldl -lobjc "
checked program was:
/* begin */
 1: #include "ruby.h"
 2: 
 3: /*top*/
 4: extern int t(void);
 5: int main(int argc, char **argv)
 6: {
 7:   if (argc > 1000000) {
 8:     printf("%p", &t);
 9:   }
10: 
11:   return 0;
12: }
13: int t(void) { void ((*volatile p)()); p = (void ((*)()))rb_proc_arity; return 0; }
/* end */

--------------------

have_func: checking for rb_integer_pack()... -------------------- yes

"gcc-4.2 -o conftest -I/Users/sergiobustamante/.rvm/rubies/ruby-2.1.1/include/ruby-2.1.0/x86_64-darwin13.0 -I/Users/sergiobustamante/.rvm/rubies/ruby-2.1.1/include/ruby-2.1.0/ruby/backward -I/Users/sergiobustamante/.rvm/rubies/ruby-2.1.1/include/ruby-2.1.0 -I.  -I/opt/local/include -D_XOPEN_SOURCE -D_DARWIN_C_SOURCE -D_DARWIN_UNLIMITED_SELECT -D_REENTRANT    -O3 -fno-fast-math -ggdb3 -Wall -Wextra -Wno-unused-parameter -Wno-parentheses -Wno-long-long -Wno-missing-field-initializers -Wunused-variable -Wpointer-arith -Wwrite-strings -Wdeclaration-after-statement -Wshorten-64-to-32 -Wimplicit-function-declaration -Wextra-tokens  -fno-common -pipe conftest.c  -L. -L/Users/sergiobustamante/.rvm/rubies/ruby-2.1.1/lib -L/opt/local/lib -L. -fstack-protector -L/opt/local/lib     -lsqlite3  -lruby.2.1.0 -lsqlite3  -lpthread -ldl -lobjc "
checked program was:
/* begin */
 1: #include "ruby.h"
 2: 
 3: /*top*/
 4: extern int t(void);
 5: int main(int argc, char **argv)
 6: {
 7:   if (argc > 1000000) {
 8:     printf("%p", &t);
 9:   }
10: 
11:   return 0;
12: }
13: int t(void) { void ((*volatile p)()); p = (void ((*)()))rb_integer_pack; return 0; }
/* end */

--------------------

have_func: checking for sqlite3_initialize()... -------------------- yes

"gcc-4.2 -o conftest -I/Users/sergiobustamante/.rvm/rubies/ruby-2.1.1/include/ruby-2.1.0/x86_64-darwin13.0 -I/Users/sergiobustamante/.rvm/rubies/ruby-2.1.1/include/ruby-2.1.0/ruby/backward -I/Users/sergiobustamante/.rvm/rubies/ruby-2.1.1/include/ruby-2.1.0 -I.  -I/opt/local/include -D_XOPEN_SOURCE -D_DARWIN_C_SOURCE -D_DARWIN_UNLIMITED_SELECT -D_REENTRANT    -O3 -fno-fast-math -ggdb3 -Wall -Wextra -Wno-unused-parameter -Wno-parentheses -Wno-long-long -Wno-missing-field-initializers -Wunused-variable -Wpointer-arith -Wwrite-strings -Wdeclaration-after-statement -Wshorten-64-to-32 -Wimplicit-function-declaration -Wextra-tokens  -fno-common -pipe conftest.c  -L. -L/Users/sergiobustamante/.rvm/rubies/ruby-2.1.1/lib -L/opt/local/lib -L. -fstack-protector -L/opt/local/lib     -lsqlite3  -lruby.2.1.0 -lsqlite3  -lpthread -ldl -lobjc "
conftest.c: In function ‘t’:
conftest.c:13: error: ‘sqlite3_initialize’ undeclared (first use in this function)
conftest.c:13: error: (Each undeclared identifier is reported only once
conftest.c:13: error: for each function it appears in.)
checked program was:
/* begin */
 1: #include "ruby.h"
 2: 
 3: /*top*/
 4: extern int t(void);
 5: int main(int argc, char **argv)
 6: {
 7:   if (argc > 1000000) {
 8:     printf("%p", &t);
 9:   }
10: 
11:   return 0;
12: }
13: int t(void) { void ((*volatile p)()); p = (void ((*)()))sqlite3_initialize; return 0; }
/* end */

"gcc-4.2 -o conftest -I/Users/sergiobustamante/.rvm/rubies/ruby-2.1.1/include/ruby-2.1.0/x86_64-darwin13.0 -I/Users/sergiobustamante/.rvm/rubies/ruby-2.1.1/include/ruby-2.1.0/ruby/backward -I/Users/sergiobustamante/.rvm/rubies/ruby-2.1.1/include/ruby-2.1.0 -I.  -I/opt/local/include -D_XOPEN_SOURCE -D_DARWIN_C_SOURCE -D_DARWIN_UNLIMITED_SELECT -D_REENTRANT    -O3 -fno-fast-math -ggdb3 -Wall -Wextra -Wno-unused-parameter -Wno-parentheses -Wno-long-long -Wno-missing-field-initializers -Wunused-variable -Wpointer-arith -Wwrite-strings -Wdeclaration-after-statement -Wshorten-64-to-32 -Wimplicit-function-declaration -Wextra-tokens  -fno-common -pipe conftest.c  -L. -L/Users/sergiobustamante/.rvm/rubies/ruby-2.1.1/lib -L/opt/local/lib -L. -fstack-protector -L/opt/local/lib     -lsqlite3  -lruby.2.1.0 -lsqlite3  -lpthread -ldl -lobjc "
conftest.c: In function ‘t’:
conftest.c:13: warning: implicit declaration of function ‘sqlite3_initialize’
checked program was:
/* begin */
 1: #include "ruby.h"
 2: 
 3: /*top*/
 4: extern int t(void);
 5: int main(int argc, char **argv)
 6: {
 7:   if (argc > 1000000) {
 8:     printf("%p", &t);
 9:   }
10: 
11:   return 0;
12: }
13: int t(void) { sqlite3_initialize(); return 0; }
/* end */

--------------------

have_func: checking for sqlite3_backup_init()... -------------------- yes

"gcc-4.2 -o conftest -I/Users/sergiobustamante/.rvm/rubies/ruby-2.1.1/include/ruby-2.1.0/x86_64-darwin13.0 -I/Users/sergiobustamante/.rvm/rubies/ruby-2.1.1/include/ruby-2.1.0/ruby/backward -I/Users/sergiobustamante/.rvm/rubies/ruby-2.1.1/include/ruby-2.1.0 -I.  -I/opt/local/include -D_XOPEN_SOURCE -D_DARWIN_C_SOURCE -D_DARWIN_UNLIMITED_SELECT -D_REENTRANT    -O3 -fno-fast-math -ggdb3 -Wall -Wextra -Wno-unused-parameter -Wno-parentheses -Wno-long-long -Wno-missing-field-initializers -Wunused-variable -Wpointer-arith -Wwrite-strings -Wdeclaration-after-statement -Wshorten-64-to-32 -Wimplicit-function-declaration -Wextra-tokens  -fno-common -pipe conftest.c  -L. -L/Users/sergiobustamante/.rvm/rubies/ruby-2.1.1/lib -L/opt/local/lib -L. -fstack-protector -L/opt/local/lib     -lsqlite3  -lruby.2.1.0 -lsqlite3  -lpthread -ldl -lobjc "
conftest.c: In function ‘t’:
conftest.c:13: error: ‘sqlite3_backup_init’ undeclared (first use in this function)
conftest.c:13: error: (Each undeclared identifier is reported only once
conftest.c:13: error: for each function it appears in.)
checked program was:
/* begin */
 1: #include "ruby.h"
 2: 
 3: /*top*/
 4: extern int t(void);
 5: int main(int argc, char **argv)
 6: {
 7:   if (argc > 1000000) {
 8:     printf("%p", &t);
 9:   }
10: 
11:   return 0;
12: }
13: int t(void) { void ((*volatile p)()); p = (void ((*)()))sqlite3_backup_init; return 0; }
/* end */

"gcc-4.2 -o conftest -I/Users/sergiobustamante/.rvm/rubies/ruby-2.1.1/include/ruby-2.1.0/x86_64-darwin13.0 -I/Users/sergiobustamante/.rvm/rubies/ruby-2.1.1/include/ruby-2.1.0/ruby/backward -I/Users/sergiobustamante/.rvm/rubies/ruby-2.1.1/include/ruby-2.1.0 -I.  -I/opt/local/include -D_XOPEN_SOURCE -D_DARWIN_C_SOURCE -D_DARWIN_UNLIMITED_SELECT -D_REENTRANT    -O3 -fno-fast-math -ggdb3 -Wall -Wextra -Wno-unused-parameter -Wno-parentheses -Wno-long-long -Wno-missing-field-initializers -Wunused-variable -Wpointer-arith -Wwrite-strings -Wdeclaration-after-statement -Wshorten-64-to-32 -Wimplicit-function-declaration -Wextra-tokens  -fno-common -pipe conftest.c  -L. -L/Users/sergiobustamante/.rvm/rubies/ruby-2.1.1/lib -L/opt/local/lib -L. -fstack-protector -L/opt/local/lib     -lsqlite3  -lruby.2.1.0 -lsqlite3  -lpthread -ldl -lobjc "
conftest.c: In function ‘t’:
conftest.c:13: warning: implicit declaration of function ‘sqlite3_backup_init’
checked program was:
/* begin */
 1: #include "ruby.h"
 2: 
 3: /*top*/
 4: extern int t(void);
 5: int main(int argc, char **argv)
 6: {
 7:   if (argc > 1000000) {
 8:     printf("%p", &t);
 9:   }
10: 
11:   return 0;
12: }
13: int t(void) { sqlite3_backup_init(); return 0; }
/* end */

--------------------

have_func: checking for sqlite3_column_database_name()... -------------------- yes

"gcc-4.2 -o conftest -I/Users/sergiobustamante/.rvm/rubies/ruby-2.1.1/include/ruby-2.1.0/x86_64-darwin13.0 -I/Users/sergiobustamante/.rvm/rubies/ruby-2.1.1/include/ruby-2.1.0/ruby/backward -I/Users/sergiobustamante/.rvm/rubies/ruby-2.1.1/include/ruby-2.1.0 -I.  -I/opt/local/include -D_XOPEN_SOURCE -D_DARWIN_C_SOURCE -D_DARWIN_UNLIMITED_SELECT -D_REENTRANT    -O3 -fno-fast-math -ggdb3 -Wall -Wextra -Wno-unused-parameter -Wno-parentheses -Wno-long-long -Wno-missing-field-initializers -Wunused-variable -Wpointer-arith -Wwrite-strings -Wdeclaration-after-statement -Wshorten-64-to-32 -Wimplicit-function-declaration -Wextra-tokens  -fno-common -pipe conftest.c  -L. -L/Users/sergiobustamante/.rvm/rubies/ruby-2.1.1/lib -L/opt/local/lib -L. -fstack-protector -L/opt/local/lib     -lsqlite3  -lruby.2.1.0 -lsqlite3  -lpthread -ldl -lobjc "
conftest.c: In function ‘t’:
conftest.c:13: error: ‘sqlite3_column_database_name’ undeclared (first use in this function)
conftest.c:13: error: (Each undeclared identifier is reported only once
conftest.c:13: error: for each function it appears in.)
checked program was:
/* begin */
 1: #include "ruby.h"
 2: 
 3: /*top*/
 4: extern int t(void);
 5: int main(int argc, char **argv)
 6: {
 7:   if (argc > 1000000) {
 8:     printf("%p", &t);
 9:   }
10: 
11:   return 0;
12: }
13: int t(void) { void ((*volatile p)()); p = (void ((*)()))sqlite3_column_database_name; return 0; }
/* end */

"gcc-4.2 -o conftest -I/Users/sergiobustamante/.rvm/rubies/ruby-2.1.1/include/ruby-2.1.0/x86_64-darwin13.0 -I/Users/sergiobustamante/.rvm/rubies/ruby-2.1.1/include/ruby-2.1.0/ruby/backward -I/Users/sergiobustamante/.rvm/rubies/ruby-2.1.1/include/ruby-2.1.0 -I.  -I/opt/local/include -D_XOPEN_SOURCE -D_DARWIN_C_SOURCE -D_DARWIN_UNLIMITED_SELECT -D_REENTRANT    -O3 -fno-fast-math -ggdb3 -Wall -Wextra -Wno-unused-parameter -Wno-parentheses -Wno-long-long -Wno-missing-field-initializers -Wunused-variable -Wpointer-arith -Wwrite-strings -Wdeclaration-after-statement -Wshorten-64-to-32 -Wimplicit-function-declaration -Wextra-tokens  -fno-common -pipe conftest.c  -L. -L/Users/sergiobustamante/.rvm/rubies/ruby-2.1.1/lib -L/opt/local/lib -L. -fstack-protector -L/opt/local/lib     -lsqlite3  -lruby.2.1.0 -lsqlite3  -lpthread -ldl -lobjc "
conftest.c: In function ‘t’:
conftest.c:13: warning: implicit declaration of function ‘sqlite3_column_database_name’
checked program was:
/* begin */
 1: #include "ruby.h"
 2: 
 3: /*top*/
 4: extern int t(void);
 5: int main(int argc, char **argv)
 6: {
 7:   if (argc > 1000000) {
 8:     printf("%p", &t);
 9:   }
10: 
11:   return 0;
12: }
13: int t(void) { sqlite3_column_database_name(); return 0; }
/* end */

--------------------

have_func: checking for sqlite3_enable_load_extension()... -------------------- yes

"gcc-4.2 -o conftest -I/Users/sergiobustamante/.rvm/rubies/ruby-2.1.1/include/ruby-2.1.0/x86_64-darwin13.0 -I/Users/sergiobustamante/.rvm/rubies/ruby-2.1.1/include/ruby-2.1.0/ruby/backward -I/Users/sergiobustamante/.rvm/rubies/ruby-2.1.1/include/ruby-2.1.0 -I.  -I/opt/local/include -D_XOPEN_SOURCE -D_DARWIN_C_SOURCE -D_DARWIN_UNLIMITED_SELECT -D_REENTRANT    -O3 -fno-fast-math -ggdb3 -Wall -Wextra -Wno-unused-parameter -Wno-parentheses -Wno-long-long -Wno-missing-field-initializers -Wunused-variable -Wpointer-arith -Wwrite-strings -Wdeclaration-after-statement -Wshorten-64-to-32 -Wimplicit-function-declaration -Wextra-tokens  -fno-common -pipe conftest.c  -L. -L/Users/sergiobustamante/.rvm/rubies/ruby-2.1.1/lib -L/opt/local/lib -L. -fstack-protector -L/opt/local/lib     -lsqlite3  -lruby.2.1.0 -lsqlite3  -lpthread -ldl -lobjc "
conftest.c: In function ‘t’:
conftest.c:13: error: ‘sqlite3_enable_load_extension’ undeclared (first use in this function)
conftest.c:13: error: (Each undeclared identifier is reported only once
conftest.c:13: error: for each function it appears in.)
checked program was:
/* begin */
 1: #include "ruby.h"
 2: 
 3: /*top*/
 4: extern int t(void);
 5: int main(int argc, char **argv)
 6: {
 7:   if (argc > 1000000) {
 8:     printf("%p", &t);
 9:   }
10: 
11:   return 0;
12: }
13: int t(void) { void ((*volatile p)()); p = (void ((*)()))sqlite3_enable_load_extension; return 0; }
/* end */

"gcc-4.2 -o conftest -I/Users/sergiobustamante/.rvm/rubies/ruby-2.1.1/include/ruby-2.1.0/x86_64-darwin13.0 -I/Users/sergiobustamante/.rvm/rubies/ruby-2.1.1/include/ruby-2.1.0/ruby/backward -I/Users/sergiobustamante/.rvm/rubies/ruby-2.1.1/include/ruby-2.1.0 -I.  -I/opt/local/include -D_XOPEN_SOURCE -D_DARWIN_C_SOURCE -D_DARWIN_UNLIMITED_SELECT -D_REENTRANT    -O3 -fno-fast-math -ggdb3 -Wall -Wextra -Wno-unused-parameter -Wno-parentheses -Wno-long-long -Wno-missing-field-initializers -Wunused-variable -Wpointer-arith -Wwrite-strings -Wdeclaration-after-statement -Wshorten-64-to-32 -Wimplicit-function-declaration -Wextra-tokens  -fno-common -pipe conftest.c  -L. -L/Users/sergiobustamante/.rvm/rubies/ruby-2.1.1/lib -L/opt/local/lib -L. -fstack-protector -L/opt/local/lib     -lsqlite3  -lruby.2.1.0 -lsqlite3  -lpthread -ldl -lobjc "
conftest.c: In function ‘t’:
conftest.c:13: warning: implicit declaration of function ‘sqlite3_enable_load_extension’
checked program was:
/* begin */
 1: #include "ruby.h"
 2: 
 3: /*top*/
 4: extern int t(void);
 5: int main(int argc, char **argv)
 6: {
 7:   if (argc > 1000000) {
 8:     printf("%p", &t);
 9:   }
10: 
11:   return 0;
12: }
13: int t(void) { sqlite3_enable_load_extension(); return 0; }
/* end */

--------------------

have_func: checking for sqlite3_load_extension()... -------------------- yes

"gcc-4.2 -o conftest -I/Users/sergiobustamante/.rvm/rubies/ruby-2.1.1/include/ruby-2.1.0/x86_64-darwin13.0 -I/Users/sergiobustamante/.rvm/rubies/ruby-2.1.1/include/ruby-2.1.0/ruby/backward -I/Users/sergiobustamante/.rvm/rubies/ruby-2.1.1/include/ruby-2.1.0 -I.  -I/opt/local/include -D_XOPEN_SOURCE -D_DARWIN_C_SOURCE -D_DARWIN_UNLIMITED_SELECT -D_REENTRANT    -O3 -fno-fast-math -ggdb3 -Wall -Wextra -Wno-unused-parameter -Wno-parentheses -Wno-long-long -Wno-missing-field-initializers -Wunused-variable -Wpointer-arith -Wwrite-strings -Wdeclaration-after-statement -Wshorten-64-to-32 -Wimplicit-function-declaration -Wextra-tokens  -fno-common -pipe conftest.c  -L. -L/Users/sergiobustamante/.rvm/rubies/ruby-2.1.1/lib -L/opt/local/lib -L. -fstack-protector -L/opt/local/lib     -lsqlite3  -lruby.2.1.0 -lsqlite3  -lpthread -ldl -lobjc "
conftest.c: In function ‘t’:
conftest.c:13: error: ‘sqlite3_load_extension’ undeclared (first use in this function)
conftest.c:13: error: (Each undeclared identifier is reported only once
conftest.c:13: error: for each function it appears in.)
checked program was:
/* begin */
 1: #include "ruby.h"
 2: 
 3: /*top*/
 4: extern int t(void);
 5: int main(int argc, char **argv)
 6: {
 7:   if (argc > 1000000) {
 8:     printf("%p", &t);
 9:   }
10: 
11:   return 0;
12: }
13: int t(void) { void ((*volatile p)()); p = (void ((*)()))sqlite3_load_extension; return 0; }
/* end */

"gcc-4.2 -o conftest -I/Users/sergiobustamante/.rvm/rubies/ruby-2.1.1/include/ruby-2.1.0/x86_64-darwin13.0 -I/Users/sergiobustamante/.rvm/rubies/ruby-2.1.1/include/ruby-2.1.0/ruby/backward -I/Users/sergiobustamante/.rvm/rubies/ruby-2.1.1/include/ruby-2.1.0 -I.  -I/opt/local/include -D_XOPEN_SOURCE -D_DARWIN_C_SOURCE -D_DARWIN_UNLIMITED_SELECT -D_REENTRANT    -O3 -fno-fast-math -ggdb3 -Wall -Wextra -Wno-unused-parameter -Wno-parentheses -Wno-long-long -Wno-missing-field-initializers -Wunused-variable -Wpointer-arith -Wwrite-strings -Wdeclaration-after-statement -Wshorten-64-to-32 -Wimplicit-function-declaration -Wextra-tokens  -fno-common -pipe conftest.c  -L. -L/Users/sergiobustamante/.rvm/rubies/ruby-2.1.1/lib -L/opt/local/lib -L. -fstack-protector -L/opt/local/lib     -lsqlite3  -lruby.2.1.0 -lsqlite3  -lpthread -ldl -lobjc "
conftest.c: In function ‘t’:
conftest.c:13: warning: implicit declaration of function ‘sqlite3_load_extension’
checked program was:
/* begin */
 1: #include "ruby.h"
 2: 
 3: /*top*/
 4: extern int t(void);
 5: int main(int argc, char **argv)
 6: {
 7:   if (argc > 1000000) {
 8:     printf("%p", &t);
 9:   }
10: 
11:   return 0;
12: }
13: int t(void) { sqlite3_load_extension(); return 0; }
/* end */

--------------------

have_func: checking for sqlite3_open_v2()... -------------------- yes

"gcc-4.2 -o conftest -I/Users/sergiobustamante/.rvm/rubies/ruby-2.1.1/include/ruby-2.1.0/x86_64-darwin13.0 -I/Users/sergiobustamante/.rvm/rubies/ruby-2.1.1/include/ruby-2.1.0/ruby/backward -I/Users/sergiobustamante/.rvm/rubies/ruby-2.1.1/include/ruby-2.1.0 -I.  -I/opt/local/include -D_XOPEN_SOURCE -D_DARWIN_C_SOURCE -D_DARWIN_UNLIMITED_SELECT -D_REENTRANT    -O3 -fno-fast-math -ggdb3 -Wall -Wextra -Wno-unused-parameter -Wno-parentheses -Wno-long-long -Wno-missing-field-initializers -Wunused-variable -Wpointer-arith -Wwrite-strings -Wdeclaration-after-statement -Wshorten-64-to-32 -Wimplicit-function-declaration -Wextra-tokens  -fno-common -pipe conftest.c  -L. -L/Users/sergiobustamante/.rvm/rubies/ruby-2.1.1/lib -L/opt/local/lib -L. -fstack-protector -L/opt/local/lib     -lsqlite3  -lruby.2.1.0 -lsqlite3  -lpthread -ldl -lobjc "
conftest.c: In function ‘t’:
conftest.c:13: error: ‘sqlite3_open_v2’ undeclared (first use in this function)
conftest.c:13: error: (Each undeclared identifier is reported only once
conftest.c:13: error: for each function it appears in.)
checked program was:
/* begin */
 1: #include "ruby.h"
 2: 
 3: /*top*/
 4: extern int t(void);
 5: int main(int argc, char **argv)
 6: {
 7:   if (argc > 1000000) {
 8:     printf("%p", &t);
 9:   }
10: 
11:   return 0;
12: }
13: int t(void) { void ((*volatile p)()); p = (void ((*)()))sqlite3_open_v2; return 0; }
/* end */

"gcc-4.2 -o conftest -I/Users/sergiobustamante/.rvm/rubies/ruby-2.1.1/include/ruby-2.1.0/x86_64-darwin13.0 -I/Users/sergiobustamante/.rvm/rubies/ruby-2.1.1/include/ruby-2.1.0/ruby/backward -I/Users/sergiobustamante/.rvm/rubies/ruby-2.1.1/include/ruby-2.1.0 -I.  -I/opt/local/include -D_XOPEN_SOURCE -D_DARWIN_C_SOURCE -D_DARWIN_UNLIMITED_SELECT -D_REENTRANT    -O3 -fno-fast-math -ggdb3 -Wall -Wextra -Wno-unused-parameter -Wno-parentheses -Wno-long-long -Wno-missing-field-initializers -Wunused-variable -Wpointer-arith -Wwrite-strings -Wdeclaration-after-statement -Wshorten-64-to-32 -Wimplicit-function-declaration -Wextra-tokens  -fno-common -pipe conftest.c  -L. -L/Users/sergiobustamante/.rvm/rubies/ruby-2.1.1/lib -L/opt/local/lib -L. -fstack-protector -L/opt/local/lib     -lsqlite3  -lruby.2.1.0 -lsqlite3  -lpthread -ldl -lobjc "
conftest.c: In function ‘t’:
conftest.c:13: warning: implicit declaration of function ‘sqlite3_open_v2’
checked program was:
/* begin */
 1: #include "ruby.h"
 2: 
 3: /*top*/
 4: extern int t(void);
 5: int main(int argc, char **argv)
 6: {
 7:   if (argc > 1000000) {
 8:     printf("%p", &t);
 9:   }
10: 
11:   return 0;
12: }
13: int t(void) { sqlite3_open_v2(); return 0; }
/* end */

--------------------

have_func: checking for sqlite3_prepare_v2()... -------------------- yes

"gcc-4.2 -o conftest -I/Users/sergiobustamante/.rvm/rubies/ruby-2.1.1/include/ruby-2.1.0/x86_64-darwin13.0 -I/Users/sergiobustamante/.rvm/rubies/ruby-2.1.1/include/ruby-2.1.0/ruby/backward -I/Users/sergiobustamante/.rvm/rubies/ruby-2.1.1/include/ruby-2.1.0 -I.  -I/opt/local/include -D_XOPEN_SOURCE -D_DARWIN_C_SOURCE -D_DARWIN_UNLIMITED_SELECT -D_REENTRANT    -O3 -fno-fast-math -ggdb3 -Wall -Wextra -Wno-unused-parameter -Wno-parentheses -Wno-long-long -Wno-missing-field-initializers -Wunused-variable -Wpointer-arith -Wwrite-strings -Wdeclaration-after-statement -Wshorten-64-to-32 -Wimplicit-function-declaration -Wextra-tokens  -fno-common -pipe conftest.c  -L. -L/Users/sergiobustamante/.rvm/rubies/ruby-2.1.1/lib -L/opt/local/lib -L. -fstack-protector -L/opt/local/lib     -lsqlite3  -lruby.2.1.0 -lsqlite3  -lpthread -ldl -lobjc "
conftest.c: In function ‘t’:
conftest.c:13: error: ‘sqlite3_prepare_v2’ undeclared (first use in this function)
conftest.c:13: error: (Each undeclared identifier is reported only once
conftest.c:13: error: for each function it appears in.)
checked program was:
/* begin */
 1: #include "ruby.h"
 2: 
 3: /*top*/
 4: extern int t(void);
 5: int main(int argc, char **argv)
 6: {
 7:   if (argc > 1000000) {
 8:     printf("%p", &t);
 9:   }
10: 
11:   return 0;
12: }
13: int t(void) { void ((*volatile p)()); p = (void ((*)()))sqlite3_prepare_v2; return 0; }
/* end */

"gcc-4.2 -o conftest -I/Users/sergiobustamante/.rvm/rubies/ruby-2.1.1/include/ruby-2.1.0/x86_64-darwin13.0 -I/Users/sergiobustamante/.rvm/rubies/ruby-2.1.1/include/ruby-2.1.0/ruby/backward -I/Users/sergiobustamante/.rvm/rubies/ruby-2.1.1/include/ruby-2.1.0 -I.  -I/opt/local/include -D_XOPEN_SOURCE -D_DARWIN_C_SOURCE -D_DARWIN_UNLIMITED_SELECT -D_REENTRANT    -O3 -fno-fast-math -ggdb3 -Wall -Wextra -Wno-unused-parameter -Wno-parentheses -Wno-long-long -Wno-missing-field-initializers -Wunused-variable -Wpointer-arith -Wwrite-strings -Wdeclaration-after-statement -Wshorten-64-to-32 -Wimplicit-function-declaration -Wextra-tokens  -fno-common -pipe conftest.c  -L. -L/Users/sergiobustamante/.rvm/rubies/ruby-2.1.1/lib -L/opt/local/lib -L. -fstack-protector -L/opt/local/lib     -lsqlite3  -lruby.2.1.0 -lsqlite3  -lpthread -ldl -lobjc "
conftest.c: In function ‘t’:
conftest.c:13: warning: implicit declaration of function ‘sqlite3_prepare_v2’
checked program was:
/* begin */
 1: #include "ruby.h"
 2: 
 3: /*top*/
 4: extern int t(void);
 5: int main(int argc, char **argv)
 6: {
 7:   if (argc > 1000000) {
 8:     printf("%p", &t);
 9:   }
10: 
11:   return 0;
12: }
13: int t(void) { sqlite3_prepare_v2(); return 0; }
/* end */

--------------------

have_type: checking for sqlite3_int64 in sqlite3.h... -------------------- yes

"gcc-4.2 -I/Users/sergiobustamante/.rvm/rubies/ruby-2.1.1/include/ruby-2.1.0/x86_64-darwin13.0 -I/Users/sergiobustamante/.rvm/rubies/ruby-2.1.1/include/ruby-2.1.0/ruby/backward -I/Users/sergiobustamante/.rvm/rubies/ruby-2.1.1/include/ruby-2.1.0 -I.  -I/opt/local/include -D_XOPEN_SOURCE -D_DARWIN_C_SOURCE -D_DARWIN_UNLIMITED_SELECT -D_REENTRANT    -O3 -fno-fast-math -ggdb3 -Wall -Wextra -Wno-unused-parameter -Wno-parentheses -Wno-long-long -Wno-missing-field-initializers -Wunused-variable -Wpointer-arith -Wwrite-strings -Wdeclaration-after-statement -Wshorten-64-to-32 -Wimplicit-function-declaration -Wextra-tokens  -fno-common -pipe   -c conftest.c"
checked program was:
/* begin */
1: #include "ruby.h"
2: 
3: #include <sqlite3.h>
4: 
5: /*top*/
6: typedef sqlite3_int64 conftest_type;
7: int conftestval[sizeof(conftest_type)?1:-1];
/* end */

--------------------

have_type: checking for sqlite3_uint64 in sqlite3.h... -------------------- yes

"gcc-4.2 -I/Users/sergiobustamante/.rvm/rubies/ruby-2.1.1/include/ruby-2.1.0/x86_64-darwin13.0 -I/Users/sergiobustamante/.rvm/rubies/ruby-2.1.1/include/ruby-2.1.0/ruby/backward -I/Users/sergiobustamante/.rvm/rubies/ruby-2.1.1/include/ruby-2.1.0 -I.  -I/opt/local/include -D_XOPEN_SOURCE -D_DARWIN_C_SOURCE -D_DARWIN_UNLIMITED_SELECT -D_REENTRANT    -O3 -fno-fast-math -ggdb3 -Wall -Wextra -Wno-unused-parameter -Wno-parentheses -Wno-long-long -Wno-missing-field-initializers -Wunused-variable -Wpointer-arith -Wwrite-strings -Wdeclaration-after-statement -Wshorten-64-to-32 -Wimplicit-function-declaration -Wextra-tokens  -fno-common -pipe   -c conftest.c"
checked program was:
/* begin */
1: #include "ruby.h"
2: 
3: #include <sqlite3.h>
4: 
5: /*top*/
6: typedef sqlite3_uint64 conftest_type;
7: int conftestval[sizeof(conftest_type)?1:-1];
/* end */

--------------------

